-------------------------------------------------------------------------------
Test set: org.selenide.example.Tests.AppTest
-------------------------------------------------------------------------------
Tests run: 3, Failures: 1, Errors: 0, Skipped: 0, Time elapsed: 29.759 s <<< FAILURE! - in org.selenide.example.Tests.AppTest
testSearchResult(org.selenide.example.Tests.AppTest)  Time elapsed: 13.982 s  <<< FAILURE!
java.lang.AssertionError
	at org.selenide.example.Tests.AppTest.testSearchResult(AppTest.java:45)

